c:\classfile\gg31\shaderproject\shaderproject\x64\release\vc143.pdb
c:\classfile\gg31\shaderproject\shaderproject\x64\release\shaderlist.obj
c:\classfile\gg31\shaderproject\shaderproject\x64\release\shader.obj
c:\classfile\gg31\shaderproject\shaderproject\x64\release\scenetoon.obj
c:\classfile\gg31\shaderproject\shaderproject\x64\release\sceneshadow.obj
c:\classfile\gg31\shaderproject\shaderproject\x64\release\sceneshading.obj
c:\classfile\gg31\shaderproject\shaderproject\x64\release\scenedeffered.obj
c:\classfile\gg31\shaderproject\shaderproject\x64\release\scenebump.obj
c:\classfile\gg31\shaderproject\shaderproject\x64\release\scenebase.obj
c:\classfile\gg31\shaderproject\shaderproject\x64\release\rendertarget.obj
c:\classfile\gg31\shaderproject\shaderproject\x64\release\main.obj
c:\classfile\gg31\shaderproject\shaderproject\x64\release\geometory.obj
c:\classfile\gg31\shaderproject\shaderproject\x64\release\meshbuffer.obj
c:\classfile\gg31\shaderproject\shaderproject\x64\release\input.obj
c:\classfile\gg31\shaderproject\shaderproject\x64\release\directx.obj
c:\classfile\gg31\shaderproject\shaderproject\x64\release\depthstencil.obj
c:\classfile\gg31\shaderproject\shaderproject\x64\release\constantbuffer.obj
c:\classfile\gg31\shaderproject\shaderproject\x64\release\camerabase.obj
c:\classfile\gg31\shaderproject\shaderproject\x64\release\cameradcc.obj
c:\classfile\gg31\shaderproject\shaderproject\x64\release\argument.obj
c:\classfile\gg31\shaderproject\shaderproject\x64\release\windialog.obj
c:\classfile\gg31\shaderproject\shaderproject\x64\release\sceneview.obj
c:\classfile\gg31\shaderproject\shaderproject\x64\release\texturefactory.obj
c:\classfile\gg31\shaderproject\shaderproject\x64\release\texture.obj
c:\classfile\gg31\shaderproject\shaderproject\x64\release\startup.obj
c:\classfile\gg31\shaderproject\shaderproject\x64\release\stacktrace.obj
c:\classfile\gg31\shaderproject\shaderproject\x64\release\model.obj
c:\classfile\gg31\shaderproject\shaderproject\x64\release\imgui_widgets.obj
c:\classfile\gg31\shaderproject\shaderproject\x64\release\imgui_tables.obj
c:\classfile\gg31\shaderproject\shaderproject\x64\release\imgui_impl_win32.obj
c:\classfile\gg31\shaderproject\shaderproject\x64\release\imgui_impl_dx11.obj
c:\classfile\gg31\shaderproject\shaderproject\x64\release\imgui_draw.obj
c:\classfile\gg31\shaderproject\shaderproject\x64\release\imgui.obj
c:\classfile\gg31\myshaderproject\shaderproject\x64\release\vc143.pdb
c:\classfile\gg31\myshaderproject\shaderproject\x64\release\imgui_widgets.obj
c:\classfile\gg31\myshaderproject\shaderproject\x64\release\imgui_tables.obj
c:\classfile\gg31\myshaderproject\shaderproject\x64\release\imgui_impl_win32.obj
c:\classfile\gg31\myshaderproject\shaderproject\x64\release\imgui_impl_dx11.obj
c:\classfile\gg31\myshaderproject\shaderproject\x64\release\imgui_draw.obj
c:\classfile\gg31\myshaderproject\shaderproject\x64\release\imgui.obj
c:\classfile\gg31\myshaderproject\shaderproject\x64\release\gaussianblur.obj
c:\classfile\gg31\myshaderproject\shaderproject\x64\release\fire.obj
c:\classfile\gg31\myshaderproject\shaderproject\x64\release\directx.obj
c:\classfile\gg31\myshaderproject\shaderproject\x64\release\depthstencil.obj
c:\classfile\gg31\myshaderproject\shaderproject\x64\release\crock.obj
c:\classfile\gg31\myshaderproject\shaderproject\x64\release\constantbuffer.obj
c:\classfile\gg31\myshaderproject\shaderproject\x64\release\clanthanum.obj
c:\classfile\gg31\myshaderproject\shaderproject\x64\release\chair.obj
c:\classfile\gg31\myshaderproject\shaderproject\x64\release\cameradepth.obj
c:\classfile\gg31\myshaderproject\shaderproject\x64\release\camerabase.obj
c:\classfile\gg31\myshaderproject\shaderproject\x64\release\cameradcc.obj
c:\classfile\gg31\myshaderproject\shaderproject\x64\release\bonfire.obj
c:\classfile\gg31\myshaderproject\shaderproject\x64\release\background.obj
c:\classfile\gg31\myshaderproject\shaderproject\x64\release\argument.obj
c:\classfile\gg31\myshaderproject\shaderproject\x64\release\skydome.obj
c:\classfile\gg31\myshaderproject\shaderproject\x64\release\shaderlist.obj
c:\classfile\gg31\myshaderproject\shaderproject\x64\release\shader.obj
c:\classfile\gg31\myshaderproject\shaderproject\x64\release\scenetoon.obj
c:\classfile\gg31\myshaderproject\shaderproject\x64\release\sceneshadow.obj
c:\classfile\gg31\myshaderproject\shaderproject\x64\release\sceneshading.obj
c:\classfile\gg31\myshaderproject\shaderproject\x64\release\scenedeffered.obj
c:\classfile\gg31\myshaderproject\shaderproject\x64\release\scenebump.obj
c:\classfile\gg31\myshaderproject\shaderproject\x64\release\scenebaseshader.obj
c:\classfile\gg31\myshaderproject\shaderproject\x64\release\scenebase.obj
c:\classfile\gg31\myshaderproject\shaderproject\x64\release\rendertarget.obj
c:\classfile\gg31\myshaderproject\shaderproject\x64\release\pointlight.obj
c:\classfile\gg31\myshaderproject\shaderproject\x64\release\player.obj
c:\classfile\gg31\myshaderproject\shaderproject\x64\release\mountain.obj
c:\classfile\gg31\myshaderproject\shaderproject\x64\release\model.obj
c:\classfile\gg31\myshaderproject\shaderproject\x64\release\main.obj
c:\classfile\gg31\myshaderproject\shaderproject\x64\release\geometory.obj
c:\classfile\gg31\myshaderproject\shaderproject\x64\release\meshbuffer.obj
c:\classfile\gg31\myshaderproject\shaderproject\x64\release\meat.obj
c:\classfile\gg31\myshaderproject\shaderproject\x64\release\input.obj
c:\classfile\gg31\myshaderproject\shaderproject\x64\release\windialog.obj
c:\classfile\gg31\myshaderproject\shaderproject\x64\release\sceneview.obj
c:\classfile\gg31\myshaderproject\shaderproject\x64\release\texturefactory.obj
c:\classfile\gg31\myshaderproject\shaderproject\x64\release\texture.obj
c:\classfile\gg31\myshaderproject\shaderproject\x64\release\tent.obj
c:\classfile\gg31\myshaderproject\shaderproject\x64\release\startup.obj
c:\classfile\gg31\myshaderproject\shaderproject\x64\release\stacktrace.obj
c:\classfile\gg31\myshaderproject\shaderproject\x64\release\sound.obj
c:\classfile\gg31\myshaderproject\shaderproject\x64\release\light.obj
c:\classfile\gg31\myshaderproject\shaderproject\x64\release\food.obj
c:\classfile\gg31\myshaderproject\shaderproject\x64\release\flower.obj
c:\classfile\gg31\myshaderproject\shaderproject\x64\release\doonce.obj
c:\classfile\gg31\myshaderproject\shaderproject\x64\release\cblendstate.obj
c:\classfile\gg31\myshaderproject\shaderproject\x64\release\shop.obj
c:\classfile\gg31\myshaderproject\shaderproject\x64\release\scenetitle.obj
c:\classfile\gg31\myshaderproject\shaderproject\x64\release\sceneshop.obj
c:\classfile\gg31\myshaderproject\shaderproject\x64\release\scenesetting.obj
c:\classfile\gg31\myshaderproject\shaderproject\x64\release\sceneselect.obj
c:\classfile\gg31\myshaderproject\shaderproject\x64\release\scenefade.obj
c:\classfile\gg31\myshaderproject\shaderproject\x64\release\uiobj.obj
c:\classfile\gg31\myshaderproject\shaderproject\x64\release\uilist.obj
c:\classfile\gg31\myshaderproject\shaderproject\x64\release\tree.obj
c:\classfile\gg31\myshaderproject\shaderproject\x64\release\timer.obj
c:\classfile\gg31\shaderproject\shaderproject\assets\shader\bumpvs.cso
c:\classfile\gg31\shaderproject\shaderproject\assets\shader\bumpmapps.cso
c:\classfile\gg31\shaderproject\shaderproject\assets\shader\fogps.cso
c:\classfile\gg31\shaderproject\shaderproject\assets\shader\limlightps.cso
c:\classfile\gg31\shaderproject\shaderproject\assets\shader\objectvs.cso
c:\classfile\gg31\shaderproject\shaderproject\assets\shader\phongps.cso
c:\classfile\gg31\shaderproject\shaderproject\assets\shader\dissolve.cso
c:\classfile\gg31\shaderproject\shaderproject\assets\shader\lambertps.cso
c:\classfile\gg31\shaderproject\shaderproject\assets\shader\toonps.cso
c:\classfile\gg31\shaderproject\shaderproject\assets\shader\concreteps.cso
c:\classfile\gg31\shaderproject\shaderproject\assets\shader\concretevs.cso
c:\classfile\gg31\shaderproject\shaderproject\assets\shader\mudps.cso
c:\classfile\gg31\shaderproject\shaderproject\assets\shader\mudvs.cso
c:\classfile\gg31\shaderproject\shaderproject\assets\shader\seavs.cso
c:\classfile\gg31\shaderproject\shaderproject\assets\shader\outlinevs.cso
c:\classfile\gg31\shaderproject\shaderproject\assets\shader\seaps.cso
c:\classfile\gg31\myshaderproject\shaderproject\assets\shader\bumpmapps.cso
c:\classfile\gg31\myshaderproject\shaderproject\assets\shader\bumpvs.cso
c:\classfile\gg31\myshaderproject\shaderproject\assets\shader\concreteps.cso
c:\classfile\gg31\myshaderproject\shaderproject\assets\shader\concretevs.cso
c:\classfile\gg31\myshaderproject\shaderproject\assets\shader\dissolve.cso
c:\classfile\gg31\myshaderproject\shaderproject\assets\shader\fogps.cso
c:\classfile\gg31\myshaderproject\shaderproject\assets\shader\lambertps.cso
c:\classfile\gg31\myshaderproject\shaderproject\assets\shader\limlightps.cso
c:\classfile\gg31\myshaderproject\shaderproject\assets\shader\mudps.cso
c:\classfile\gg31\myshaderproject\shaderproject\assets\shader\mudvs.cso
c:\classfile\gg31\myshaderproject\shaderproject\assets\shader\objectps.cso
c:\classfile\gg31\myshaderproject\shaderproject\assets\shader\outlinevs.cso
c:\classfile\gg31\myshaderproject\shaderproject\assets\shader\phongps.cso
c:\classfile\gg31\myshaderproject\shaderproject\assets\shader\seaps.cso
c:\classfile\gg31\myshaderproject\shaderproject\assets\shader\seavs.cso
c:\classfile\gg31\myshaderproject\shaderproject\assets\shader\skydomeps.cso
c:\classfile\gg31\myshaderproject\shaderproject\assets\shader\toonps.cso
c:\classfile\gg31\myshaderproject\shaderproject\assets\shader\uips.cso
c:\classfile\gg31\myshaderproject\shaderproject\assets\shader\uivs.cso
c:\classfile\gg31\myshaderproject\shaderproject\assets\shader\depthscreenps.cso
c:\classfile\gg31\myshaderproject\shaderproject\assets\shader\depthscreenvs.cso
c:\classfile\gg31\myshaderproject\shaderproject\assets\shader\fireps.cso
c:\classfile\gg31\myshaderproject\shaderproject\assets\shader\mountainps.cso
c:\classfile\gg31\myshaderproject\shaderproject\assets\shader\pointlightps.cso
c:\classfile\gg31\myshaderproject\shaderproject\assets\shader\rockps.cso
c:\classfile\gg31\myshaderproject\shaderproject\assets\shader\screenps.cso
c:\classfile\gg31\myshaderproject\shaderproject\assets\shader\tentps.cso
c:\classfile\gg31\myshaderproject\shaderproject\assets\shader\meatps.cso
c:\classfile\gg31\myshaderproject\shaderproject\assets\shader\objectvs.cso
c:\classfile\gg31\myshaderproject\shaderproject\assets\2dps.cso
c:\classfile\gg31\myshaderproject\shaderproject\assets\2dvs.cso
c:\classfile\gg31\myshaderproject\shaderproject\assets\flowerps.cso
c:\classfile\gg31\myshaderproject\shaderproject\assets\playerps.cso
c:\classfile\gg31\shaderproject\x64\release\shaderproject.exe
c:\classfile\gg31\shaderproject\shaderproject\x64\release\shaderproject.ipdb
c:\classfile\gg31\shaderproject\x64\release\shaderproject.pdb
c:\classfile\gg31\shaderproject\shaderproject\x64\release\shaderproject.iobj
c:\classfile\gg31\myshaderproject\x64\release\shaderproject.exe
c:\classfile\gg31\myshaderproject\shaderproject\x64\release\shaderproject.ipdb
c:\classfile\gg31\myshaderproject\x64\release\shaderproject.pdb
c:\classfile\gg31\myshaderproject\shaderproject\x64\release\shaderproject.iobj
c:\classfile\gg31\myshaderproject\shaderproject\x64\release\shaderproject.tlog\cl.command.1.tlog
c:\classfile\gg31\myshaderproject\shaderproject\x64\release\shaderproject.tlog\cl.read.1.tlog
c:\classfile\gg31\myshaderproject\shaderproject\x64\release\shaderproject.tlog\cl.write.1.tlog
c:\classfile\gg31\myshaderproject\shaderproject\x64\release\shaderproject.tlog\dxc.command.1.tlog
c:\classfile\gg31\myshaderproject\shaderproject\x64\release\shaderproject.tlog\dxc.read.1.tlog
c:\classfile\gg31\myshaderproject\shaderproject\x64\release\shaderproject.tlog\dxc.write.1.tlog
c:\classfile\gg31\myshaderproject\shaderproject\x64\release\shaderproject.tlog\fxc.command.1.tlog
c:\classfile\gg31\myshaderproject\shaderproject\x64\release\shaderproject.tlog\fxc.read.1.tlog
c:\classfile\gg31\myshaderproject\shaderproject\x64\release\shaderproject.tlog\fxc.write.1.tlog
c:\classfile\gg31\myshaderproject\shaderproject\x64\release\shaderproject.tlog\link.command.1.tlog
c:\classfile\gg31\myshaderproject\shaderproject\x64\release\shaderproject.tlog\link.read.1.tlog
c:\classfile\gg31\myshaderproject\shaderproject\x64\release\shaderproject.tlog\link.write.1.tlog
